0 info it worked if it ends with ok
1 verbose cli [ 'd:\\nodejs\\node.exe',
1 verbose cli   'd:\\nodejs\\node_modules\\npm\\bin\\npm-cli.js',
1 verbose cli   'link',
1 verbose cli   'express' ]
2 info using npm@1.4.28
3 info using node@v0.10.35
4 verbose node_modules\express unbuild
5 verbose link symlinking C:\Users\nan\AppData\Roaming\npm\node_modules\express to d:\canvas\node_modules\express
6 error Error: EPERM, symlink 'C:\Users\nan\AppData\Roaming\npm\node_modules\express'
6 error  { [Error: EPERM, symlink 'C:\Users\nan\AppData\Roaming\npm\node_modules\express']
6 error   errno: 50,
6 error   code: 'EPERM',
6 error   path: 'C:\\Users\\nan\\AppData\\Roaming\\npm\\node_modules\\express' }
7 error Please try running this command again as root/Administrator.
8 error System Windows_NT 6.2.9200
9 error command "d:\\nodejs\\node.exe" "d:\\nodejs\\node_modules\\npm\\bin\\npm-cli.js" "link" "express"
10 error cwd d:\canvas
11 error node -v v0.10.35
12 error npm -v 1.4.28
13 error path C:\Users\nan\AppData\Roaming\npm\node_modules\express
14 error code EPERM
15 error errno 50
16 error stack Error: EPERM, symlink 'C:\Users\nan\AppData\Roaming\npm\node_modules\express'
17 verbose exit [ 50, true ]
